<?xml version="1.0" encoding="UTF-8"?>
<testng-results ignored="0" total="1" passed="1" failed="0" skipped="0">
  <reporter-output>
  </reporter-output>
  <suite started-at="2024-09-17T11:47:36 PDT" name="Default suite" finished-at="2024-09-17T11:47:41 PDT" duration-ms="5248">
    <groups>
      <group name="cucumber">
        <method signature="AbstractTestNGCucumberTests.runScenario(io.cucumber.testng.PickleWrapper,io.cucumber.testng.FeatureWrapper)[pri:0, instance:runner.TestRunner@3eb25e1a]" name="runScenario" class="io.cucumber.testng.AbstractTestNGCucumberTests"/>
      </group> <!-- cucumber -->
    </groups>
    <test started-at="2024-09-17T11:47:36 PDT" name="Default test" finished-at="2024-09-17T11:47:41 PDT" duration-ms="5248">
      <class name="runner.TestRunner">
        <test-method is-config="true" signature="setUpClass(org.testng.ITestContext)[pri:0, instance:runner.TestRunner@3eb25e1a]" started-at="2024-09-17T11:47:36 PDT" name="setUpClass" finished-at="2024-09-17T11:47:36 PDT" duration-ms="654" status="PASS">
          <params>
            <param index="0">
              <value>
                <![CDATA[org.testng.TestRunner@2ff15f8c]]>
              </value>
            </param>
          </params>
          <reporter-output>
          </reporter-output>
        </test-method> <!-- setUpClass -->
        <test-method signature="runScenario(io.cucumber.testng.PickleWrapper,io.cucumber.testng.FeatureWrapper)[pri:0, instance:runner.TestRunner@3eb25e1a]" started-at="2024-09-17T11:47:36 PDT" name="runScenario" description="Runs Cucumber Scenarios" data-provider="scenarios" finished-at="2024-09-17T11:47:41 PDT" duration-ms="4374" status="PASS">
          <params>
            <param index="0">
              <value>
                <![CDATA["Validating the Logo of the NumpyNinja"]]>
              </value>
            </param>
            <param index="1">
              <value>
                <![CDATA["DS Portal Login Functionality"]]>
              </value>
            </param>
          </params>
          <reporter-output>
          </reporter-output>
        </test-method> <!-- runScenario -->
        <test-method is-config="true" signature="tearDownClass()[pri:0, instance:runner.TestRunner@3eb25e1a]" started-at="2024-09-17T11:47:41 PDT" name="tearDownClass" finished-at="2024-09-17T11:47:41 PDT" duration-ms="177" status="PASS">
          <reporter-output>
          </reporter-output>
        </test-method> <!-- tearDownClass -->
      </class> <!-- runner.TestRunner -->
    </test> <!-- Default test -->
  </suite> <!-- Default suite -->
</testng-results>
